<?xml version="1.0" encoding="UTF-8"?>
<!-- Generated by org.testng.reporters.JUnitReportReporter -->
<testsuite hostname="VISHNUS" name="com.sears.tests.SampleTests" tests="1" failures="0" timestamp="8 Oct 2016 20:38:31 GMT" time="31.026" errors="0">
  <testcase name="sampleTestOne" time="31.026" classname="com.sears.tests.SampleTests"/>
</testsuite> <!-- com.sears.tests.SampleTests -->
