<?xml version="1.0" encoding="UTF-8"?>
<!-- Generated by org.testng.reporters.JUnitReportReporter -->
<testsuite hostname="VISHNUS" name="com.sears.tests.SampleTests" tests="1" failures="0" timestamp="12 Oct 2016 17:18:53 GMT" time="51.704" errors="0">
  <testcase name="searchResultsValidations" time="51.704" classname="com.sears.tests.SampleTests"/>
</testsuite> <!-- com.sears.tests.SampleTests -->
