<?xml version="1.0" encoding="UTF-8"?>
<!-- Generated by org.testng.reporters.JUnitReportReporter -->
<testsuite hostname="VISHNUS" name="com.test.sears.TestPropertiesDemo" tests="1" failures="0" timestamp="29 Sep 2016 16:09:56 GMT" time="0.019" errors="0">
  <testcase name="runTest" time="0.019" classname="com.test.sears.TestPropertiesDemo"/>
</testsuite> <!-- com.test.sears.TestPropertiesDemo -->
