<?xml version="1.0" encoding="UTF-8"?>
<!-- Generated by org.testng.reporters.JUnitReportReporter -->
<testsuite hostname="VISHNUS" name="com.sears.tests.SampleTests" tests="1" failures="0" timestamp="1 Oct 2016 08:03:00 GMT" time="31.298" errors="0">
  <testcase name="sampleTestOne" time="31.298" classname="com.sears.tests.SampleTests"/>
</testsuite> <!-- com.sears.tests.SampleTests -->
