<?xml version="1.0" encoding="UTF-8"?>
<!-- Generated by org.testng.reporters.JUnitReportReporter -->
<testsuite hostname="VISHNUS" name="com.sears.tests.SampleTests" tests="1" failures="0" timestamp="1 Oct 2016 20:09:58 GMT" time="259.344" errors="0">
  <testcase name="sampleTestOne" time="259.344" classname="com.sears.tests.SampleTests"/>
</testsuite> <!-- com.sears.tests.SampleTests -->
